<?xml version="1.0" encoding="UTF-8"?>
<!-- Generated by org.testng.reporters.JUnitXMLReporter -->
<testsuite hostname="DESKTOP-7AHT2H7" ignored="0" name="Command line test" tests="6" failures="0" timestamp="2022-08-24T15:57:36 IST" time="243.177" errors="0">
  <testcase name="Login1" time="8.735" classname="demoWebShop.Login1Test"/>
  <testcase name="Login" time="15.784" classname="demoWebShop.LoginTest"/>
  <testcase name="RegisterTest" time="2.35" classname="demoWebShop.Register1Test"/>
  <testcase name="Register" time="16.931" classname="demoWebShop.RegisterTest"/>
  <testcase name="ShoppingCart" time="47.941" classname="demoWebShop.ShoppingCartTest"/>
  <testcase name="Wishlist" time="46.462" classname="demoWebShop.WishlistTest"/>
</testsuite> <!-- Command line test -->
